<?xml version="1.0" encoding="UTF-8"?>
<testsuite name="testisleapyear" tests="1" skipped="0" failures="0" errors="0" timestamp="2022-10-06T21:49:13" hostname="LAPTOP-P0A5LJFK" time="0.022">
  <properties/>
  <testcase name="isnotleapyearwhennotdivedby4()" classname="testisleapyear" time="0.022"/>
  <system-out><![CDATA[]]></system-out>
  <system-err><![CDATA[]]></system-err>
</testsuite>
